[2024-09-11T06:11:55.140+0000] {taskinstance.py:1979} INFO - Dependencies all met for dep_context=non-requeueable deps ti=<TaskInstance: shopeefood_crawl_and_report.crawl_list_restaurant scheduled__2024-09-10T00:00:00+00:00 [queued]>
[2024-09-11T06:11:55.154+0000] {taskinstance.py:1979} INFO - Dependencies all met for dep_context=requeueable deps ti=<TaskInstance: shopeefood_crawl_and_report.crawl_list_restaurant scheduled__2024-09-10T00:00:00+00:00 [queued]>
[2024-09-11T06:11:55.155+0000] {taskinstance.py:2193} INFO - Starting attempt 1 of 2
[2024-09-11T06:11:55.175+0000] {taskinstance.py:2217} INFO - Executing <Task(PythonOperator): crawl_list_restaurant> on 2024-09-10 00:00:00+00:00
[2024-09-11T06:11:55.181+0000] {standard_task_runner.py:60} INFO - Started process 210 to run task
[2024-09-11T06:11:55.187+0000] {standard_task_runner.py:87} INFO - Running: ['***', 'tasks', 'run', 'shopeefood_crawl_and_report', 'crawl_list_restaurant', 'scheduled__2024-09-10T00:00:00+00:00', '--job-id', '83', '--raw', '--subdir', 'DAGS_FOLDER/main_dag.py', '--cfg-path', '/tmp/tmpt62t2ari']
[2024-09-11T06:11:55.190+0000] {standard_task_runner.py:88} INFO - Job 83: Subtask crawl_list_restaurant
[2024-09-11T06:11:55.249+0000] {task_command.py:423} INFO - Running <TaskInstance: shopeefood_crawl_and_report.crawl_list_restaurant scheduled__2024-09-10T00:00:00+00:00 [running]> on host 32137a89b089
[2024-09-11T06:11:55.345+0000] {taskinstance.py:2513} INFO - Exporting env vars: AIRFLOW_CTX_DAG_OWNER='***' AIRFLOW_CTX_DAG_ID='shopeefood_crawl_and_report' AIRFLOW_CTX_TASK_ID='crawl_list_restaurant' AIRFLOW_CTX_EXECUTION_DATE='2024-09-10T00:00:00+00:00' AIRFLOW_CTX_TRY_NUMBER='1' AIRFLOW_CTX_DAG_RUN_ID='scheduled__2024-09-10T00:00:00+00:00'
[2024-09-11T06:11:56.385+0000] {connectionpool.py:824} WARNING - Retrying (Retry(total=2, connect=None, read=None, redirect=None, status=None)) after connection broken by 'NewConnectionError('<urllib3.connection.HTTPConnection object at 0x7f3fa46a1310>: Failed to establish a new connection: [Errno -5] No address associated with hostname')': /wd/hub/session
[2024-09-11T06:11:57.411+0000] {connectionpool.py:824} WARNING - Retrying (Retry(total=1, connect=None, read=None, redirect=None, status=None)) after connection broken by 'NewConnectionError('<urllib3.connection.HTTPConnection object at 0x7f3fa46a1d90>: Failed to establish a new connection: [Errno -5] No address associated with hostname')': /wd/hub/session
[2024-09-11T06:11:58.434+0000] {connectionpool.py:824} WARNING - Retrying (Retry(total=0, connect=None, read=None, redirect=None, status=None)) after connection broken by 'NewConnectionError('<urllib3.connection.HTTPConnection object at 0x7f3fa46b1160>: Failed to establish a new connection: [Errno -5] No address associated with hostname')': /wd/hub/session
[2024-09-11T06:11:59.460+0000] {taskinstance.py:2731} ERROR - Task failed with exception
Traceback (most recent call last):
  File "/home/airflow/.local/lib/python3.8/site-packages/urllib3/connection.py", line 174, in _new_conn
    conn = connection.create_connection(
  File "/home/airflow/.local/lib/python3.8/site-packages/urllib3/util/connection.py", line 72, in create_connection
    for res in socket.getaddrinfo(host, port, family, socket.SOCK_STREAM):
  File "/usr/local/lib/python3.8/socket.py", line 918, in getaddrinfo
    for res in _socket.getaddrinfo(host, port, family, type, proto, flags):
socket.gaierror: [Errno -5] No address associated with hostname

During handling of the above exception, another exception occurred:

Traceback (most recent call last):
  File "/home/airflow/.local/lib/python3.8/site-packages/urllib3/connectionpool.py", line 715, in urlopen
    httplib_response = self._make_request(
  File "/home/airflow/.local/lib/python3.8/site-packages/urllib3/connectionpool.py", line 416, in _make_request
    conn.request(method, url, **httplib_request_kw)
  File "/home/airflow/.local/lib/python3.8/site-packages/urllib3/connection.py", line 244, in request
    super(HTTPConnection, self).request(method, url, body=body, headers=headers)
  File "/usr/local/lib/python3.8/http/client.py", line 1256, in request
    self._send_request(method, url, body, headers, encode_chunked)
  File "/usr/local/lib/python3.8/http/client.py", line 1302, in _send_request
    self.endheaders(body, encode_chunked=encode_chunked)
  File "/usr/local/lib/python3.8/http/client.py", line 1251, in endheaders
    self._send_output(message_body, encode_chunked=encode_chunked)
  File "/usr/local/lib/python3.8/http/client.py", line 1011, in _send_output
    self.send(msg)
  File "/usr/local/lib/python3.8/http/client.py", line 951, in send
    self.connect()
  File "/home/airflow/.local/lib/python3.8/site-packages/urllib3/connection.py", line 205, in connect
    conn = self._new_conn()
  File "/home/airflow/.local/lib/python3.8/site-packages/urllib3/connection.py", line 186, in _new_conn
    raise NewConnectionError(
urllib3.exceptions.NewConnectionError: <urllib3.connection.HTTPConnection object at 0x7f3fa46b1190>: Failed to establish a new connection: [Errno -5] No address associated with hostname

During handling of the above exception, another exception occurred:

Traceback (most recent call last):
  File "/home/airflow/.local/lib/python3.8/site-packages/airflow/models/taskinstance.py", line 444, in _execute_task
    result = _execute_callable(context=context, **execute_callable_kwargs)
  File "/home/airflow/.local/lib/python3.8/site-packages/airflow/models/taskinstance.py", line 414, in _execute_callable
    return execute_callable(context=context, **execute_callable_kwargs)
  File "/home/airflow/.local/lib/python3.8/site-packages/airflow/operators/python.py", line 200, in execute
    return_value = self.execute_callable()
  File "/home/airflow/.local/lib/python3.8/site-packages/airflow/operators/python.py", line 217, in execute_callable
    return self.python_callable(*self.op_args, **self.op_kwargs)
  File "/opt/airflow/dags/crawler/crawl_list_restaurant.py", line 8, in crawl_list_restaurant
    driver = get_driver()
  File "/opt/airflow/dags/crawler/get_driver.py", line 7, in get_driver
    driver = webdriver.Remote(
  File "/home/airflow/.local/lib/python3.8/site-packages/selenium/webdriver/remote/webdriver.py", line 212, in __init__
    self.start_session(capabilities)
  File "/home/airflow/.local/lib/python3.8/site-packages/selenium/webdriver/remote/webdriver.py", line 299, in start_session
    response = self.execute(Command.NEW_SESSION, caps)["value"]
  File "/home/airflow/.local/lib/python3.8/site-packages/selenium/webdriver/remote/webdriver.py", line 352, in execute
    response = self.command_executor.execute(driver_command, params)
  File "/home/airflow/.local/lib/python3.8/site-packages/selenium/webdriver/remote/remote_connection.py", line 306, in execute
    return self._request(command_info[0], url, body=data)
  File "/home/airflow/.local/lib/python3.8/site-packages/selenium/webdriver/remote/remote_connection.py", line 326, in _request
    response = self._conn.request(method, url, body=body, headers=headers)
  File "/home/airflow/.local/lib/python3.8/site-packages/urllib3/request.py", line 81, in request
    return self.request_encode_body(
  File "/home/airflow/.local/lib/python3.8/site-packages/urllib3/request.py", line 173, in request_encode_body
    return self.urlopen(method, url, **extra_kw)
  File "/home/airflow/.local/lib/python3.8/site-packages/urllib3/poolmanager.py", line 376, in urlopen
    response = conn.urlopen(method, u.request_uri, **kw)
  File "/home/airflow/.local/lib/python3.8/site-packages/urllib3/connectionpool.py", line 827, in urlopen
    return self.urlopen(
  File "/home/airflow/.local/lib/python3.8/site-packages/urllib3/connectionpool.py", line 827, in urlopen
    return self.urlopen(
  File "/home/airflow/.local/lib/python3.8/site-packages/urllib3/connectionpool.py", line 827, in urlopen
    return self.urlopen(
  File "/home/airflow/.local/lib/python3.8/site-packages/urllib3/connectionpool.py", line 799, in urlopen
    retries = retries.increment(
  File "/home/airflow/.local/lib/python3.8/site-packages/urllib3/util/retry.py", line 592, in increment
    raise MaxRetryError(_pool, url, error or ResponseError(cause))
urllib3.exceptions.MaxRetryError: HTTPConnectionPool(host='hub', port=4444): Max retries exceeded with url: /wd/hub/session (Caused by NewConnectionError('<urllib3.connection.HTTPConnection object at 0x7f3fa46b1190>: Failed to establish a new connection: [Errno -5] No address associated with hostname'))
[2024-09-11T06:11:59.493+0000] {taskinstance.py:1149} INFO - Marking task as UP_FOR_RETRY. dag_id=shopeefood_crawl_and_report, task_id=crawl_list_restaurant, execution_date=20240910T000000, start_date=20240911T061155, end_date=20240911T061159
[2024-09-11T06:11:59.655+0000] {standard_task_runner.py:107} ERROR - Failed to execute job 83 for task crawl_list_restaurant (HTTPConnectionPool(host='hub', port=4444): Max retries exceeded with url: /wd/hub/session (Caused by NewConnectionError('<urllib3.connection.HTTPConnection object at 0x7f3fa46b1190>: Failed to establish a new connection: [Errno -5] No address associated with hostname')); 210)
[2024-09-11T06:11:59.697+0000] {local_task_job_runner.py:234} INFO - Task exited with return code 1
[2024-09-11T06:11:59.722+0000] {taskinstance.py:3312} INFO - 0 downstream tasks scheduled from follow-on schedule check
[2024-09-11T06:48:04.600+0000] {taskinstance.py:1979} INFO - Dependencies all met for dep_context=non-requeueable deps ti=<TaskInstance: shopeefood_crawl_and_report.crawl_list_restaurant scheduled__2024-09-10T00:00:00+00:00 [queued]>
[2024-09-11T06:48:04.608+0000] {taskinstance.py:1979} INFO - Dependencies all met for dep_context=requeueable deps ti=<TaskInstance: shopeefood_crawl_and_report.crawl_list_restaurant scheduled__2024-09-10T00:00:00+00:00 [queued]>
[2024-09-11T06:48:04.609+0000] {taskinstance.py:2193} INFO - Starting attempt 1 of 2
[2024-09-11T06:48:04.622+0000] {taskinstance.py:2217} INFO - Executing <Task(PythonOperator): crawl_list_restaurant> on 2024-09-10 00:00:00+00:00
[2024-09-11T06:48:04.627+0000] {standard_task_runner.py:60} INFO - Started process 297 to run task
[2024-09-11T06:48:04.630+0000] {standard_task_runner.py:87} INFO - Running: ['***', 'tasks', 'run', 'shopeefood_crawl_and_report', 'crawl_list_restaurant', 'scheduled__2024-09-10T00:00:00+00:00', '--job-id', '3', '--raw', '--subdir', 'DAGS_FOLDER/main_dag.py', '--cfg-path', '/tmp/tmp75lkwi3b']
[2024-09-11T06:48:04.632+0000] {standard_task_runner.py:88} INFO - Job 3: Subtask crawl_list_restaurant
[2024-09-11T06:48:04.675+0000] {task_command.py:423} INFO - Running <TaskInstance: shopeefood_crawl_and_report.crawl_list_restaurant scheduled__2024-09-10T00:00:00+00:00 [running]> on host f432431e979d
[2024-09-11T06:48:04.746+0000] {taskinstance.py:2513} INFO - Exporting env vars: AIRFLOW_CTX_DAG_OWNER='***' AIRFLOW_CTX_DAG_ID='shopeefood_crawl_and_report' AIRFLOW_CTX_TASK_ID='crawl_list_restaurant' AIRFLOW_CTX_EXECUTION_DATE='2024-09-10T00:00:00+00:00' AIRFLOW_CTX_TRY_NUMBER='1' AIRFLOW_CTX_DAG_RUN_ID='scheduled__2024-09-10T00:00:00+00:00'
[2024-09-11T06:48:38.465+0000] {python.py:202} INFO - Done. Returned value was: [['Bếp Việt - Cơm Văn Phòng - Đông Thiên', 'Giảm hết 10%', 'https://shopeefood.vn/ha-noi/bep-viet-com-van-phong-dong-thien'], ['Trà Sữa Tocotoco - Nguyễn Hoàng', 'Đồng giá 29k', 'https://shopeefood.vn/ha-noi/tra-sua-tocotoco-nguyen-hoang'], ['Bún Thủy - Trần Nhật Duật', 'Giảm món', 'https://shopeefood.vn/ha-noi/bun-thuy-tran-nhat-duat'], ['Texas Chicken - Aeon Mall Hà Đông', 'Giảm món', 'https://shopeefood.vn/ha-noi/texas-chicken-aeon-mall-ha-dong'], ['Long Wang Cơ Sở 1 - Dim Sum Hongkong - 84 Ngọc Khánh', 'Giảm món', 'https://shopeefood.vn/ha-noi/long-wang-co-so-1-dim-sum-hongkong-84-ngoc-khanh'], ['Korea House - Đồ Ăn Hàn Quốc Và Cơm Trộn - Ngõ Chùa Liên Phái', 'Giảm giá 20%', 'https://shopeefood.vn/ha-noi/korea-house-do-an-han-quoc-va-com-tron-ngo-chua-lien-phai'], ['Tiệm Gà Rán Óng Ánh - Chùa Láng', 'Giảm món', 'https://shopeefood.vn/ha-noi/tiem-ga-ran-ong-anh-chua-lang'], ['Trà Sữa Seko Tea - Mễ Trì Thượng', 'Giảm hết 50%', 'https://shopeefood.vn/ha-noi/seko-tea-tra-sua-dai-loan'], ['Trà sữa LeeTee - Kem Trứng & Trà Hoa Quả - Láng Hạ', 'Giảm hết 40%', 'https://shopeefood.vn/ha-noi/tra-sua-leetee-kem-trung-tra-hoa-qua-lang-ha'], ['Trà Sữa Tocotoco - Thiên Đường Bảo Sơn', 'Giảm món', 'https://shopeefood.vn/ha-noi/tra-sua-tocotoco-thien-duong-bao-son'], ['Ngọc - Cháo Lòng Ngon & Bún Đậu Mẹt', 'Giảm hết 20%', 'https://shopeefood.vn/ha-noi/ngoc-chao-long-ngon-bun-dau-met'], ['Bánh Mì Bắp - Gà Popcorn & Bánh Mì Gà Nem - Trần Quang Diệu', 'Giảm hết 15%', 'https://shopeefood.vn/ha-noi/banh-mi-bap-ga-popcorn-banh-mi-ga-nem-tran-quang-dieu'], ['Master Tea 美茶 - Bồ Đề', 'Giảm món', 'https://shopeefood.vn/ha-noi/master-tea-%E7%BE%8E%E8%8C%B6-bo-de'], ['Trà Sữa Royaltea - Lê Lai', 'Giảm hết 50%', 'https://shopeefood.vn/ha-noi/tra-sua-royaltea-le-lai'], ['Bếp Mẹ Thỏ - Bún, Miến & Phở Trộn Online', 'Giảm hết 10%', 'https://shopeefood.vn/ha-noi/bep-me-tho-bun-mien-pho-tron-online'], ['Kem Dairy Queen - Royal City', 'Giảm món', 'https://shopeefood.vn/ha-noi/dairy-queen-royal-city'], ["Kem Swensen's - Times City", 'Giảm món', 'https://shopeefood.vn/ha-noi/kem-swensen-s-times-city'], ['Tiệm Cơm ChisnBa - Cơm Rang Zòn - Trần Vỹ', 'Giảm hết 15%', 'https://shopeefood.vn/ha-noi/tiem-com-chisnba-com-rang-zon-tran-vy'], ['Trà Chanh Dương Dương - Mì Cay, Tokbokki - Shop Online', 'Giảm món', 'https://shopeefood.vn/ha-noi/tra-chanh-duong-duong-mi-cay-tokbokki-shop-online'], ['Gà Rán Five Star - 04 Yên Hòa', 'Giảm món', 'https://shopeefood.vn/ha-noi/ga-ran-five-star-04-yen-hoa'], ['Bánh Mì Minh Nhật - Duy Tân', 'Giảm món', 'https://shopeefood.vn/ha-noi/banh-mi-minh-nhat-duy-tan'], ['The Pizza Company - The Manor', 'Giảm món', 'https://shopeefood.vn/ha-noi/the-pizza-company-the-manor'], ['Tâm Anh - Nem Nướng Nha Trang - Ngõ Chùa Đối Diện 228 Mễ Trì Thượng', 'Giảm món', 'https://shopeefood.vn/ha-noi/tam-anh-nem-nuong-nha-trang-ngo-chua-doi-dien-228-me-tri-thuong'], ['Mokchang - Đồ Ăn Hàn Quốc - Láng Hạ', 'Giảm món', 'https://shopeefood.vn/ha-noi/mokchang-do-an-han-quoc-lang-ha'], ['Tiệm Gà Rán Số 19 - Hào Nam', 'Giảm món', 'https://shopeefood.vn/ha-noi/tiem-ga-ran-so-19-hao-nam'], ['Bonchon Chicken - Lạc Long Quân', 'Giảm món', 'https://shopeefood.vn/ha-noi/bonchon-chicken-lac-long-quan'], ['Bếp Mẹ Su - Phở Tíu - Shop Online - Lạc Long Quân', 'Giảm hết 22%', 'https://shopeefood.vn/ha-noi/bep-me-su-pho-tiu-shop-online-lac-long-quan'], ['Vịt 29 - Vịt Quay Bắc Kinh - Bạch Mai', 'Giảm món', 'https://shopeefood.vn/ha-noi/vit-29-vit-quay-bac-kinh-bach-mai'], ['Sữa Chua Trân Châu Hạ Long - Quốc Lộ 32', 'Giảm món', 'https://shopeefood.vn/ha-noi/sua-chua-tran-chau-ha-long-quoc-lo-32'], ['Mỳ Ếch Chua Cay Trần Quỳnh - 30 Nguyễn Thái Học', 'Giảm món', 'https://shopeefood.vn/ha-noi/my-ech-chua-cay-tran-quynh-30-nguyen-thai-hoc'], ["Trà Sữa Taster's Choice - Hà Đông", 'Giảm món', 'https://shopeefood.vn/ha-noi/tra-sua-taster-s-choice-ha-dong'], ['Highlands Coffee - Trà, Cà Phê & Bánh - Eco Lake View', 'Giảm món', 'https://shopeefood.vn/ha-noi/highlands-coffee-tra-ca-phe-banh-eco-lake-view'], ['The Alley - Trà Sữa Đài Loan - 48 Trần Phú', 'Giảm món', 'https://shopeefood.vn/ha-noi/the-alley-tra-sua-dai-loan-tran-phu'], ['Pozaa Tea - Trà Sữa Đài Loan - Trần Phú', 'Giảm hết 25%', 'https://shopeefood.vn/ha-noi/pozaa-tea-tra-sua-dai-loan-tran-phu'], ['Trà Sữa Tocotoco - Phú Diễn', 'Giảm hết 30%', 'https://shopeefood.vn/ha-noi/tra-sua-tocotoco-phu-dien'], ['Nọng FOOD - Mì Trộn Indomie & Trà Chanh - Kim Giang', 'Giảm món', 'https://shopeefood.vn/ha-noi/noong-food-my-tron-indomie-tra-chanh-kim-giang'], ['PiPo Quán - Bánh Tráng Cuốn Thịt Heo', 'Giảm món', 'https://shopeefood.vn/ha-noi/pipo-quan-banh-trang-cuon-thit-heo'], ['Gà Rán KFC - Hồ Gươm Plaza', 'Giảm món', 'https://shopeefood.vn/ha-noi/kfc-ho-guom-plaza'], ['Bánh Tráng Trộn 98 - Chùa Láng', 'Giảm món', 'https://shopeefood.vn/ha-noi/banh-trang-tron-98-chua-lang'], ['Snap Food - Cơm, Bún & Bánh Mì Healthy - Tôn Đức Thắng', 'Giảm món', 'https://shopeefood.vn/ha-noi/snap-food-com-bun-banh-mi-healthy-ton-duc-thang'], ['TOUS les JOURS - Lý Thường Kiệt', 'Giảm món', 'https://shopeefood.vn/ha-noi/tous-les-jours-ly-thuong-kiet'], ['Burger King - Giảng Võ', 'Giảm món', 'https://shopeefood.vn/ha-noi/burger-king-giang-vo'], ['Ốc Hương Trang® - 139B Lê Hồng Phong', 'Giảm món', 'https://shopeefood.vn/ha-noi/oc-huong-trang-139b-le-hong-phong'], ['Bếp Mẹ Cua - Mì Indomie & Đồ Ăn Vặt - Nghĩa Dũng', 'Giảm món', 'https://shopeefood.vn/ha-noi/bep-me-cua-mi-indomie-do-an-vat-nghia-dung'], ['Guu Chicken - Cơm Gà & Gà Rán - Hoàng Hoa Thám', 'Giảm món', 'https://shopeefood.vn/ha-noi/guu-chicken-com-ga-ga-ran-hoang-hoa-tham'], ['Quang Tèo Food - Mì Trộn Indomie - Chợ Khâm Thiên', 'Giảm món', 'https://shopeefood.vn/ha-noi/quang-teo-food-mi-tron-indomie-cho-kham-thien'], ['Gugsumi - Bún Trộn Healthy - Khương Trung', 'Giảm món', 'https://shopeefood.vn/ha-noi/gugsumi-bun-tron-healthy-khuong-trung'], ['Cháo, Bánh Gối, Óc Hầm & Đồ Ăn Vặt - Trần Thái Tông', 'Giảm món', 'https://shopeefood.vn/ha-noi/chao-banh-goi-oc-ham-do-an-vat-tran-thai-tong'], ['Nem Nướng Nha Trang Minh Đức - Nghĩa Tân', 'Giảm món', 'https://shopeefood.vn/ha-noi/nem-nuong-nha-trang-minh-duc-nghia-tan'], ['Xôi Yến - Bách Khoa', 'Giảm món', 'https://shopeefood.vn/ha-noi/xoi-yen-bach-khoa'], ['Quán Ăn Hợp Tác Xã & Cơm Niêu - Tây Sơn', 'Giảm món', 'https://shopeefood.vn/ha-noi/quan-an-hop-tac-xa-com-nieu-tay-son'], ['Hương Vị Việt - Gà Rán & Gà Ủ Muối - Bùi Xương Trạch', 'Giảm món', 'https://shopeefood.vn/ha-noi/huong-vi-viet-ga-ran-ga-u-muoi-bui-xuong-trach'], ['Hadu Y - Gà Rán, Pizza & Trà Sữa', 'Giảm món', 'https://shopeefood.vn/ha-noi/hadu-y-ga-ran-pizza-tra-sua'], ['Giang Cún - Bún Thái Hải Sản - Định Công Thượng', 'Giảm món', 'https://shopeefood.vn/ha-noi/giang-cun-bun-thai-hai-san-dinh-cong-thuong'], ['Gà Rán & Gà Ủ Muối Hoa Tiêu - Hoàng Ngân', 'Giảm món', 'https://shopeefood.vn/ha-noi/ga-ran-ga-u-muoi-hoa-tieu-hoang-ngan'], ['Dakgalbi - Tiệm Gà Rán Hàn Quốc - 29 Ngõ Tự Do', 'Giảm món', 'https://shopeefood.vn/ha-noi/dakgalbi-tiem-ga-ran-han-quoc-29-ngo-tu-do'], ['Cơm Thố Bách Khoa - Khâm Thiên', 'Giảm món', 'https://shopeefood.vn/ha-noi/com-tho-bach-khoa-kham-thien'], ['Cơm Tấm Anh Ba Sài Gòn', 'Giảm món', 'https://shopeefood.vn/ha-noi/com-tam-anh-ba-sai-gon'], ['Cơm Tấm 3 Ông Tướng - Minh Khai', 'Giảm món', 'https://shopeefood.vn/ha-noi/com-tam-ba-ong-tuong'], ['Cơm Gà Hải Thuỷ - Bún Đậu Mắm Tôm & Bún Chả', 'Giảm món', 'https://shopeefood.vn/ha-noi/com-ga-hai-thuy-bun-dau-mam-tom-bun-cha'], ['Bún Đậu Mai Dung', 'Giảm món', 'https://shopeefood.vn/ha-noi/bun-dau-mai-dung'], ['Bin Bon - Mì Trộn Indomie - Kim Giang', 'Giảm món', 'https://shopeefood.vn/ha-noi/bin-bon-mi-tron-indomie-kim-giang'], ["Al Fresco's - Pizza, Mỳ Ý, Sườn, Steak Bò Bít Tết - Hai Bà Trưng", 'Giảm món', 'https://shopeefood.vn/ha-noi/al-fresco-s-hai-ba-trung'], ['Cơm Tấm Delichi - Cơm Tấm Sườn Bì Chả - Phùng Khoang', 'Giảm món', 'https://shopeefood.vn/ha-noi/com-tam-delichi-com-tam-suon-bi-cha-phung-khoang'], ['Anh Béo - Bún Miến Ngan - Trần Quốc Vượng', 'Giảm món', 'https://shopeefood.vn/ha-noi/anh-beo-bun-mien-ngan-tran-quoc-vuong'], ['Cơm Phố - Cơm Gà & Cơm Bò - Dương Khuê', 'Giảm món', 'https://shopeefood.vn/ha-noi/com-pho-com-ga-com-bo-duong-khue'], ['Cơm Cô Ba - Cơm Văn Phòng', 'Giảm món', 'https://shopeefood.vn/ha-noi/com-co-ba-com-van-phong'], ['Bún Đậu Mẹt Minh Thư - Văn Minh', 'Giảm món', 'https://shopeefood.vn/ha-noi/bun-dau-met-minh-thu-van-minh'], ['Gà Rán Kpub Chicken', 'Giảm món', 'https://shopeefood.vn/ha-noi/ga-ran-kpub-chicken'], ['Cơm Tấm Phương Anh - Bạch Mai', 'Giảm món', 'https://shopeefood.vn/ha-noi/com-tam-phuong-anh-bach-mai'], ['Minh Phương - Nem Nướng Nha Trang', 'Giảm món', 'https://shopeefood.vn/ha-noi/minh-phuong-nem-nuong-nha-trang'], ['Cúc - Cháo Sườn Sụn - Linh Đàm', 'Giảm món', 'https://shopeefood.vn/ha-noi/cuc-chao-suon-sun-linh-dam'], ['Bún Bò Huế Nam Minh - Nghĩa Tân', 'Giảm món', 'https://shopeefood.vn/ha-noi/bun-bo-hue-nam-minh-nghia-tan'], ['Mì Trộn Indomie Gấu Bé - 5b 92/31 Nguyễn Khánh Toàn', 'Giảm món', 'https://shopeefood.vn/ha-noi/mi-tron-indomie-gau-be-5b-92-31-nguyen-khanh-toan'], ['Quán Quen - Mỳ Chua Cay - 167 Tây Sơn', 'Giảm món', 'https://shopeefood.vn/ha-noi/quan-quen-my-chua-cay-167-tay-son'], ['Quang Thắng - Cơm Ngon Văn Phòng', 'Giảm món', 'https://shopeefood.vn/ha-noi/quang-thang-com-ngon-van-phong'], ['LQS - Chuyên Bún Bò Huế & Cơm Rang Giòn - Trường Chinh', 'Giảm món', 'https://shopeefood.vn/ha-noi/lqs-chuyen-bun-bo-hue-com-rang-gion-online'], ['Cô Ba - Nem Nướng Nha Trang - Minh Khai', 'Giảm món', 'https://shopeefood.vn/ha-noi/co-ba-nem-nuong-nha-trang-minh-khai'], ['Pizza Ông Tây - Đỗ Quang', 'Giảm món', 'https://shopeefood.vn/ha-noi/pizza-ong-tay-do-quang'], ['Hân - Tokbokki, Gà Sốt Cay Hàn Quốc & Ăn Vặt - Hồ Tùng Mậu', 'Giảm món', 'https://shopeefood.vn/ha-noi/han-tokbokki-ga-sot-cay-han-quoc-an-vat-ho-tung-mau'], ['Tim Food - Mì Trộn Indomie & Đồ Ăn Vặt - Hồng Hà', 'Giảm món', 'https://shopeefood.vn/ha-noi/tim-food-mi-tron-indomie-do-an-vat-hong-ha'], ['Như Mây - Bánh Đa Trộn', 'Giảm món', 'https://shopeefood.vn/ha-noi/nhu-may-banh-da-tron'], ['Nem Nướng Nha Trang Ngọc Hằng - Phú Diễn', 'Giảm món', 'https://shopeefood.vn/ha-noi/nem-nuong-nha-trang-ngoc-hang-phu-dien'], ['Hoa Béo - Nem Nướng Ninh Hoà - Xa La', 'Giảm món', 'https://shopeefood.vn/ha-noi/hoa-beo-nem-nuong-nha-trang-xa-la'], ['Bảo Bảo - Mì Trộn Indomie - Shop Online', 'Giảm món', 'https://shopeefood.vn/ha-noi/bao-bao-mi-tron-indomie-shop-online'], ['Quán 65 - Cơm Văn Phòng - Nguyễn Trãi', 'Giảm món', 'https://shopeefood.vn/ha-noi/quan-65-com-van-phong-nguyen-trai'], ['Mì Trộn Indomie 158 - Bùi Ngọc Dương', 'Giảm món', 'https://shopeefood.vn/ha-noi/mi-tron-indomie-158-bui-ngoc-duong'], ['iChi Food - Cháo, Súp & Mỳ Xào - 169 Tôn Đức Thắng', 'Giảm món', 'https://shopeefood.vn/ha-noi/ichi-food-chao-sup-my-xao-169-ton-duc-thang'], ['Cơm 3 Miền - Cơm Văn Phòng - Nguyễn Khang', 'Giảm món', 'https://shopeefood.vn/ha-noi/com-3-mien-com-van-phong-nguyen-khang'], ['Duy Nhất - Phở Bò & Cơm Rang - Vĩnh Hưng', 'Giảm món', 'https://shopeefood.vn/ha-noi/duy-nhat-pho-bo-com-rang-vinh-hung'], ['Zen Zen - Cơm Gà, Gà Rán & Cơm Bò - Trần Duy Hưng', 'Giảm món', 'https://shopeefood.vn/ha-noi/zen-zen-com-ga-ga-ran-com-bo-tran-duy-hung'], ['A Lẩu - Cháo Lòng', 'Giảm món', 'https://shopeefood.vn/ha-noi/a-lau-chao-long'], ['Bảo Ngọc Food - Mì Trộn Indomie & Đồ Ăn Vặt - Phố Lụa', 'Giảm món', 'https://shopeefood.vn/ha-noi/bao-ngoc-food-mi-tron-indomie-do-an-vat-pho-lua'], ['Gà Luộc, Gà Ủ Muối & Cơm Cháy - Duyên Dương', 'Giảm món', 'https://shopeefood.vn/ha-noi/ga-luoc-ga-u-muoi-com-chay-duyen-duong'], ['BUMTRO - Bún Trộn Nam Bộ - Đào Tấn', 'Giảm món', 'https://shopeefood.vn/ha-noi/bumtro-bun-tron-nam-bo-dao-tan'], ['Bún Đậu Mẹt Thủy Mít - C8 Thành Công', 'Giảm món', 'https://shopeefood.vn/ha-noi/bun-dau-met-thuy-mit-c8-thanh-cong'], ['Cơm Rang Gà Sốt 30K - Mỹ Đình', 'Giảm món', 'https://shopeefood.vn/ha-noi/com-rang-ga-sot-30k-my-dinh'], ['Bom Bốp - Bún Đậu Mơ', 'Giảm món', 'https://shopeefood.vn/ha-noi/bom-bop-bun-dau-mo'], ['Tiệm Mì Tươi Ramen2go', 'Giảm món', 'https://shopeefood.vn/ha-noi/tiem-mi-tuoi-ramen2go'], ['Hoàng Huệ - Cơm Rang & Bún Bò Trộn - Chùa Láng', 'Giảm món', 'https://shopeefood.vn/ha-noi/hoang-hue-com-rang-bun-bo-tron-chua-lang'], ['Cơm Văn Phòng & Cơm Niêu Hợp Tác Xã - Hồng Hà', 'Giảm món', 'https://shopeefood.vn/ha-noi/com-van-phong-com-nieu-hop-tac-xa-hong-ha'], ['Gà Tươi Mạnh Hoạch - Xuân La', 'Giảm món', 'https://shopeefood.vn/ha-noi/ga-tuoi-manh-hoach-xuan-la'], ['Bami Sot - Bánh Mì Đen - Lò Đúc', 'Giảm món', 'https://shopeefood.vn/ha-noi/bami-sot-banh-mi-den-lo-duc'], ['Bami King - Bánh Mì Bò Nướng & Cơm Thố - An Trạch', 'Giảm món', 'https://shopeefood.vn/ha-noi/bami-king-banh-mi-bo-nuong-com-tho-an-trach'], ['Sushi Garden', 'Giảm món', 'https://shopeefood.vn/ha-noi/sushi-garden'], ['Cô Tám - Cơm Rang & Cơm Tấm - 126 Hồng Mai', 'Giảm món', 'https://shopeefood.vn/ha-noi/co-tam-com-rang-an-vat-126-hong-mai'], ['A-Phú - Mì Trộn Indomie & Ăn Vặt - Nguyễn Đức Cảnh', 'Giảm món', 'https://shopeefood.vn/ha-noi/a-phu-mi-tron-indomie-an-vat-nguyen-duc-canh'], ['Đức Food - Mì Trộn Indomie - Ngõ 95 Chùa Bộc', 'Giảm món', 'https://shopeefood.vn/ha-noi/duc-food-mi-tron-indomie-ngo-95-chua-boc'], ['Tiệm Mì Indo - Kim Giang', 'Giảm món', 'https://shopeefood.vn/ha-noi/tiem-mi-indo-kim-giang'], ['LATU Quán - Nem Nướng Nha Trang - Yên Phúc', 'Giảm món', 'https://shopeefood.vn/ha-noi/latu-quan-nem-nuong-nha-trang-yen-phuc'], ['Đức Food - Mì Trộn Indomie Online - Kim Giang', 'Giảm món', 'https://shopeefood.vn/ha-noi/duc-food-mi-tron-indomie-online-kim-giang'], ['Xuân Food - Mì Trộn Indomie - Tây Sơn', 'Giảm món', 'https://shopeefood.vn/ha-noi/xuan-food-mi-tron-indomie-tay-son'], ['Duy Food - Mì Trộn Indomie', 'Giảm món', 'https://shopeefood.vn/ha-noi/duy-food-mi-tron-indomie'], ['Cuốn Xưa - Phở Cuốn Hà Thành - Tân Mai', 'Giảm món', 'https://shopeefood.vn/ha-noi/cuon-xua-pho-cuon-ha-thanh-tan-mai'], ['Trà Sữa Bobapop - 59 Trần Quốc Vượng', 'Giảm hết 20%', 'https://shopeefood.vn/ha-noi/tra-sua-bobapop-59-tran-quoc-vuong'], ['GÀ RÁN & BURGER GONGFU CHICKEN - 521 Nguyễn Trãi', 'Giảm món', 'https://shopeefood.vn/ha-noi/ga-ran-burger-gongfu-chicken-521-nguyen-trai'], ['Pizza Hut - Trần Nguyên Đán', 'Giảm món', 'https://shopeefood.vn/ha-noi/pizza-hut-tran-nguyen-dan'], ['Pizza Hut - Gamuda', 'Giảm món', 'https://shopeefood.vn/ha-noi/pizza-hut-gamuda'], ['Bánh Mì Tuhu Bread - Phố Nguyễn Sơn', 'Giảm món', 'https://shopeefood.vn/ha-noi/banh-mi-tuhu-bread-pho-nguyen-son'], ['Yên Đàm - Trà Sữa Thảo Dược', 'Giảm món', 'https://shopeefood.vn/ha-noi/yen-dam-tra-sua-thao-duoc']]
[2024-09-11T06:48:38.494+0000] {taskinstance.py:1149} INFO - Marking task as SUCCESS. dag_id=shopeefood_crawl_and_report, task_id=crawl_list_restaurant, execution_date=20240910T000000, start_date=20240911T064804, end_date=20240911T064838
[2024-09-11T06:48:38.549+0000] {local_task_job_runner.py:234} INFO - Task exited with return code 0
[2024-09-11T06:48:38.577+0000] {taskinstance.py:3312} INFO - 1 downstream tasks scheduled from follow-on schedule check
